{"/home/lap15381/Documents/modules/module-04-frontend-thinking/src/App.js": {"path":"/home/lap15381/Documents/modules/module-04-frontend-thinking/src/App.js","statementMap":{"0":{"start":{"line":8,"column":16},"end":{"line":8,"column":35}},"1":{"start":{"line":11,"column":32},"end":{"line":11,"column":51}},"2":{"start":{"line":14,"column":2},"end":{"line":56,"column":9}},"3":{"start":{"line":15,"column":17},"end":{"line":15,"column":34}},"4":{"start":{"line":16,"column":4},"end":{"line":16,"column":30}},"5":{"start":{"line":17,"column":22},"end":{"line":17,"column":39}},"6":{"start":{"line":19,"column":4},"end":{"line":54,"column":5}},"7":{"start":{"line":20,"column":6},"end":{"line":23,"column":9}},"8":{"start":{"line":25,"column":6},"end":{"line":25,"column":40}},"9":{"start":{"line":27,"column":6},"end":{"line":32,"column":9}},"10":{"start":{"line":28,"column":8},"end":{"line":31,"column":11}},"11":{"start":{"line":34,"column":6},"end":{"line":39,"column":9}},"12":{"start":{"line":35,"column":8},"end":{"line":38,"column":11}},"13":{"start":{"line":41,"column":6},"end":{"line":46,"column":9}},"14":{"start":{"line":42,"column":8},"end":{"line":45,"column":11}},"15":{"start":{"line":48,"column":6},"end":{"line":53,"column":9}},"16":{"start":{"line":49,"column":8},"end":{"line":52,"column":11}},"17":{"start":{"line":57,"column":2},"end":{"line":61,"column":4}}},"fnMap":{"0":{"name":"App","decl":{"start":{"line":10,"column":9},"end":{"line":10,"column":12}},"loc":{"start":{"line":10,"column":15},"end":{"line":62,"column":1}},"line":10},"1":{"name":"(anonymous_1)","decl":{"start":{"line":14,"column":12},"end":{"line":14,"column":13}},"loc":{"start":{"line":14,"column":18},"end":{"line":56,"column":3}},"line":14},"2":{"name":"(anonymous_2)","decl":{"start":{"line":27,"column":27},"end":{"line":27,"column":28}},"loc":{"start":{"line":27,"column":37},"end":{"line":32,"column":7}},"line":27},"3":{"name":"(anonymous_3)","decl":{"start":{"line":34,"column":38},"end":{"line":34,"column":39}},"loc":{"start":{"line":34,"column":53},"end":{"line":39,"column":7}},"line":34},"4":{"name":"(anonymous_4)","decl":{"start":{"line":41,"column":58},"end":{"line":41,"column":59}},"loc":{"start":{"line":41,"column":76},"end":{"line":46,"column":7}},"line":41},"5":{"name":"(anonymous_5)","decl":{"start":{"line":48,"column":54},"end":{"line":48,"column":55}},"loc":{"start":{"line":48,"column":69},"end":{"line":53,"column":7}},"line":48}},"branchMap":{"0":{"loc":{"start":{"line":19,"column":4},"end":{"line":54,"column":5}},"type":"if","locations":[{"start":{"line":19,"column":4},"end":{"line":54,"column":5}},{"start":{},"end":{}}],"line":19},"1":{"loc":{"start":{"line":59,"column":7},"end":{"line":59,"column":61}},"type":"cond-expr","locations":[{"start":{"line":59,"column":15},"end":{"line":59,"column":45}},{"start":{"line":59,"column":48},"end":{"line":59,"column":61}}],"line":59}},"s":{"0":1,"1":1,"2":1,"3":1,"4":1,"5":1,"6":1,"7":0,"8":0,"9":0,"10":0,"11":0,"12":0,"13":0,"14":0,"15":0,"16":0,"17":1},"f":{"0":1,"1":1,"2":0,"3":0,"4":0,"5":0},"b":{"0":[0,1],"1":[0,1]},"_coverageSchema":"1a1c01bbd47fc00a2c39e90264f33305004495a9","hash":"6bf413201d889215d964141e0715ca7d094e1886"}
,"/home/lap15381/Documents/modules/module-04-frontend-thinking/src/index.js": {"path":"/home/lap15381/Documents/modules/module-04-frontend-thinking/src/index.js","statementMap":{"0":{"start":{"line":8,"column":13},"end":{"line":8,"column":65}},"1":{"start":{"line":9,"column":0},"end":{"line":15,"column":2}},"2":{"start":{"line":20,"column":0},"end":{"line":20,"column":18}}},"fnMap":{},"branchMap":{},"s":{"0":0,"1":0,"2":0},"f":{},"b":{}}
,"/home/lap15381/Documents/modules/module-04-frontend-thinking/src/reportWebVitals.js": {"path":"/home/lap15381/Documents/modules/module-04-frontend-thinking/src/reportWebVitals.js","statementMap":{"0":{"start":{"line":1,"column":24},"end":{"line":11,"column":1}},"1":{"start":{"line":2,"column":2},"end":{"line":10,"column":3}},"2":{"start":{"line":3,"column":4},"end":{"line":9,"column":7}},"3":{"start":{"line":4,"column":6},"end":{"line":4,"column":26}},"4":{"start":{"line":5,"column":6},"end":{"line":5,"column":26}},"5":{"start":{"line":6,"column":6},"end":{"line":6,"column":26}},"6":{"start":{"line":7,"column":6},"end":{"line":7,"column":26}},"7":{"start":{"line":8,"column":6},"end":{"line":8,"column":27}}},"fnMap":{"0":{"name":"(anonymous_0)","decl":{"start":{"line":1,"column":24},"end":{"line":1,"column":25}},"loc":{"start":{"line":1,"column":39},"end":{"line":11,"column":1}},"line":1},"1":{"name":"(anonymous_1)","decl":{"start":{"line":3,"column":30},"end":{"line":3,"column":31}},"loc":{"start":{"line":3,"column":79},"end":{"line":9,"column":5}},"line":3}},"branchMap":{"0":{"loc":{"start":{"line":2,"column":2},"end":{"line":10,"column":3}},"type":"if","locations":[{"start":{"line":2,"column":2},"end":{"line":10,"column":3}},{"start":{},"end":{}}],"line":2},"1":{"loc":{"start":{"line":2,"column":6},"end":{"line":2,"column":52}},"type":"binary-expr","locations":[{"start":{"line":2,"column":6},"end":{"line":2,"column":17}},{"start":{"line":2,"column":21},"end":{"line":2,"column":52}}],"line":2}},"s":{"0":0,"1":0,"2":0,"3":0,"4":0,"5":0,"6":0,"7":0},"f":{"0":0,"1":0},"b":{"0":[0,0],"1":[0,0]}}
,"/home/lap15381/Documents/modules/module-04-frontend-thinking/src/api/spotify.js": {"path":"/home/lap15381/Documents/modules/module-04-frontend-thinking/src/api/spotify.js","statementMap":{"0":{"start":{"line":1,"column":28},"end":{"line":1,"column":68}},"1":{"start":{"line":2,"column":20},"end":{"line":2,"column":44}},"2":{"start":{"line":3,"column":18},"end":{"line":3,"column":52}},"3":{"start":{"line":5,"column":19},"end":{"line":11,"column":1}},"4":{"start":{"line":13,"column":31},"end":{"line":22,"column":1}},"5":{"start":{"line":14,"column":1},"end":{"line":21,"column":9}},"6":{"start":{"line":17,"column":15},"end":{"line":17,"column":30}},"7":{"start":{"line":18,"column":3},"end":{"line":18,"column":52}},"8":{"start":{"line":20,"column":3},"end":{"line":20,"column":18}},"9":{"start":{"line":24,"column":24},"end":{"line":25,"column":46}}},"fnMap":{"0":{"name":"(anonymous_0)","decl":{"start":{"line":13,"column":31},"end":{"line":13,"column":32}},"loc":{"start":{"line":13,"column":37},"end":{"line":22,"column":1}},"line":13},"1":{"name":"(anonymous_1)","decl":{"start":{"line":15,"column":10},"end":{"line":15,"column":11}},"loc":{"start":{"line":15,"column":29},"end":{"line":21,"column":3}},"line":15}},"branchMap":{},"s":{"0":2,"1":2,"2":2,"3":2,"4":2,"5":1,"6":1,"7":1,"8":1,"9":2},"f":{"0":1,"1":1},"b":{},"_coverageSchema":"1a1c01bbd47fc00a2c39e90264f33305004495a9","hash":"518e1cee0a7e502e6c9c3d58c5bd8f7c21c78f28"}
,"/home/lap15381/Documents/modules/module-04-frontend-thinking/src/components/index.js": {"path":"/home/lap15381/Documents/modules/module-04-frontend-thinking/src/components/index.js","statementMap":{},"fnMap":{},"branchMap":{},"s":{},"f":{},"b":{},"_coverageSchema":"1a1c01bbd47fc00a2c39e90264f33305004495a9","hash":"907ab7983c9056ec5e3b1fbe5a531022ccb03c62"}
,"/home/lap15381/Documents/modules/module-04-frontend-thinking/src/components/Body/Body.js": {"path":"/home/lap15381/Documents/modules/module-04-frontend-thinking/src/components/Body/Body.js","statementMap":{"0":{"start":{"line":9,"column":31},"end":{"line":9,"column":50}},"1":{"start":{"line":12,"column":4},"end":{"line":14,"column":5}},"2":{"start":{"line":13,"column":6},"end":{"line":13,"column":35}},"3":{"start":{"line":15,"column":4},"end":{"line":15,"column":41}},"4":{"start":{"line":19,"column":4},"end":{"line":19,"column":44}},"5":{"start":{"line":23,"column":4},"end":{"line":23,"column":51}},"6":{"start":{"line":27,"column":4},"end":{"line":29,"column":5}},"7":{"start":{"line":28,"column":6},"end":{"line":28,"column":16}},"8":{"start":{"line":30,"column":4},"end":{"line":30,"column":33}},"9":{"start":{"line":35,"column":4},"end":{"line":39,"column":8}},"10":{"start":{"line":36,"column":6},"end":{"line":38,"column":8}},"11":{"start":{"line":42,"column":0},"end":{"line":64,"column":4}}},"fnMap":{"0":{"name":"Body","decl":{"start":{"line":8,"column":9},"end":{"line":8,"column":13}},"loc":{"start":{"line":8,"column":27},"end":{"line":65,"column":1}},"line":8},"1":{"name":"getFirstImage","decl":{"start":{"line":11,"column":11},"end":{"line":11,"column":24}},"loc":{"start":{"line":11,"column":35},"end":{"line":16,"column":3}},"line":11},"2":{"name":"getName","decl":{"start":{"line":18,"column":11},"end":{"line":18,"column":18}},"loc":{"start":{"line":18,"column":29},"end":{"line":20,"column":3}},"line":18},"3":{"name":"getDescription","decl":{"start":{"line":22,"column":12},"end":{"line":22,"column":26}},"loc":{"start":{"line":22,"column":37},"end":{"line":24,"column":3}},"line":22},"4":{"name":"getItems","decl":{"start":{"line":26,"column":11},"end":{"line":26,"column":19}},"loc":{"start":{"line":26,"column":30},"end":{"line":31,"column":3}},"line":26},"5":{"name":"showItems","decl":{"start":{"line":33,"column":11},"end":{"line":33,"column":20}},"loc":{"start":{"line":33,"column":31},"end":{"line":40,"column":3}},"line":33},"6":{"name":"(anonymous_6)","decl":{"start":{"line":35,"column":36},"end":{"line":35,"column":37}},"loc":{"start":{"line":35,"column":44},"end":{"line":39,"column":5}},"line":35}},"branchMap":{"0":{"loc":{"start":{"line":12,"column":4},"end":{"line":14,"column":5}},"type":"if","locations":[{"start":{"line":12,"column":4},"end":{"line":14,"column":5}},{"start":{},"end":{}}],"line":12},"1":{"loc":{"start":{"line":12,"column":8},"end":{"line":12,"column":48}},"type":"binary-expr","locations":[{"start":{"line":12,"column":8},"end":{"line":12,"column":17}},{"start":{"line":12,"column":21},"end":{"line":12,"column":48}}],"line":12},"2":{"loc":{"start":{"line":19,"column":11},"end":{"line":19,"column":43}},"type":"cond-expr","locations":[{"start":{"line":19,"column":22},"end":{"line":19,"column":35}},{"start":{"line":19,"column":38},"end":{"line":19,"column":43}}],"line":19},"3":{"loc":{"start":{"line":23,"column":11},"end":{"line":23,"column":50}},"type":"cond-expr","locations":[{"start":{"line":23,"column":22},"end":{"line":23,"column":42}},{"start":{"line":23,"column":45},"end":{"line":23,"column":50}}],"line":23},"4":{"loc":{"start":{"line":27,"column":4},"end":{"line":29,"column":5}},"type":"if","locations":[{"start":{"line":27,"column":4},"end":{"line":29,"column":5}},{"start":{},"end":{}}],"line":27},"5":{"loc":{"start":{"line":27,"column":8},"end":{"line":27,"column":62}},"type":"binary-expr","locations":[{"start":{"line":27,"column":8},"end":{"line":27,"column":25}},{"start":{"line":27,"column":29},"end":{"line":27,"column":62}}],"line":27}},"s":{"0":2,"1":2,"2":2,"3":0,"4":2,"5":2,"6":2,"7":2,"8":0,"9":2,"10":0,"11":2},"f":{"0":2,"1":2,"2":2,"3":2,"4":2,"5":2,"6":0},"b":{"0":[2,0],"1":[2,0],"2":[0,2],"3":[0,2],"4":[2,0],"5":[2,0]},"_coverageSchema":"1a1c01bbd47fc00a2c39e90264f33305004495a9","hash":"f94fe1d36b110914cf0e024daaa787766ecf8181"}
,"/home/lap15381/Documents/modules/module-04-frontend-thinking/src/components/Footer/Footer.js": {"path":"/home/lap15381/Documents/modules/module-04-frontend-thinking/src/components/Footer/Footer.js","statementMap":{"0":{"start":{"line":14,"column":28},"end":{"line":14,"column":47}},"1":{"start":{"line":17,"column":2},"end":{"line":19,"column":3}},"2":{"start":{"line":18,"column":3},"end":{"line":18,"column":13}},"3":{"start":{"line":20,"column":2},"end":{"line":20,"column":23}},"4":{"start":{"line":23,"column":2},"end":{"line":55,"column":4}},"5":{"start":{"line":30,"column":47},"end":{"line":30,"column":65}}},"fnMap":{"0":{"name":"Footer","decl":{"start":{"line":13,"column":9},"end":{"line":13,"column":15}},"loc":{"start":{"line":13,"column":29},"end":{"line":56,"column":1}},"line":13},"1":{"name":"getArtists","decl":{"start":{"line":16,"column":10},"end":{"line":16,"column":20}},"loc":{"start":{"line":16,"column":28},"end":{"line":21,"column":2}},"line":16},"2":{"name":"(anonymous_2)","decl":{"start":{"line":30,"column":35},"end":{"line":30,"column":36}},"loc":{"start":{"line":30,"column":47},"end":{"line":30,"column":65}},"line":30}},"branchMap":{"0":{"loc":{"start":{"line":17,"column":2},"end":{"line":19,"column":3}},"type":"if","locations":[{"start":{"line":17,"column":2},"end":{"line":19,"column":3}},{"start":{},"end":{}}],"line":17},"1":{"loc":{"start":{"line":17,"column":6},"end":{"line":17,"column":65}},"type":"binary-expr","locations":[{"start":{"line":17,"column":6},"end":{"line":17,"column":12}},{"start":{"line":17,"column":16},"end":{"line":17,"column":36}},{"start":{"line":17,"column":40},"end":{"line":17,"column":65}}],"line":17},"2":{"loc":{"start":{"line":30,"column":47},"end":{"line":30,"column":65}},"type":"binary-expr","locations":[{"start":{"line":30,"column":47},"end":{"line":30,"column":59}},{"start":{"line":30,"column":63},"end":{"line":30,"column":65}}],"line":30}},"s":{"0":2,"1":2,"2":2,"3":0,"4":2,"5":0},"f":{"0":2,"1":2,"2":0},"b":{"0":[2,0],"1":[2,0,0],"2":[0,0]},"_coverageSchema":"1a1c01bbd47fc00a2c39e90264f33305004495a9","hash":"ce25dd4310121286850c0009e73e342b168823ef"}
,"/home/lap15381/Documents/modules/module-04-frontend-thinking/src/components/Header/Header.js": {"path":"/home/lap15381/Documents/modules/module-04-frontend-thinking/src/components/Header/Header.js","statementMap":{"0":{"start":{"line":8,"column":20},"end":{"line":8,"column":39}},"1":{"start":{"line":10,"column":1},"end":{"line":21,"column":3}}},"fnMap":{"0":{"name":"Header","decl":{"start":{"line":7,"column":9},"end":{"line":7,"column":15}},"loc":{"start":{"line":7,"column":18},"end":{"line":22,"column":1}},"line":7}},"branchMap":{},"s":{"0":3,"1":3},"f":{"0":3},"b":{},"_coverageSchema":"1a1c01bbd47fc00a2c39e90264f33305004495a9","hash":"ba8fac6d150df714e7f3a31adcac16e5c9e9aff0"}
,"/home/lap15381/Documents/modules/module-04-frontend-thinking/src/components/SideBar/Sidebar.js": {"path":"/home/lap15381/Documents/modules/module-04-frontend-thinking/src/components/SideBar/Sidebar.js","statementMap":{"0":{"start":{"line":13,"column":26},"end":{"line":13,"column":45}},"1":{"start":{"line":15,"column":2},"end":{"line":32,"column":4}},"2":{"start":{"line":28,"column":8},"end":{"line":28,"column":47}}},"fnMap":{"0":{"name":"Sidebar","decl":{"start":{"line":12,"column":9},"end":{"line":12,"column":16}},"loc":{"start":{"line":12,"column":19},"end":{"line":33,"column":1}},"line":12},"1":{"name":"(anonymous_1)","decl":{"start":{"line":27,"column":28},"end":{"line":27,"column":29}},"loc":{"start":{"line":28,"column":8},"end":{"line":28,"column":47}},"line":28}},"branchMap":{},"s":{"0":2,"1":2,"2":0},"f":{"0":2,"1":0},"b":{},"_coverageSchema":"1a1c01bbd47fc00a2c39e90264f33305004495a9","hash":"3cc93bb36b9daf0e81abdbbf1f794cae67b5377c"}
,"/home/lap15381/Documents/modules/module-04-frontend-thinking/src/components/SidebarOption/SidebarOption.js": {"path":"/home/lap15381/Documents/modules/module-04-frontend-thinking/src/components/SidebarOption/SidebarOption.js","statementMap":{"0":{"start":{"line":5,"column":2},"end":{"line":10,"column":4}}},"fnMap":{"0":{"name":"SidebarOption","decl":{"start":{"line":4,"column":9},"end":{"line":4,"column":22}},"loc":{"start":{"line":4,"column":40},"end":{"line":11,"column":1}},"line":4}},"branchMap":{"0":{"loc":{"start":{"line":7,"column":4},"end":{"line":7,"column":51}},"type":"binary-expr","locations":[{"start":{"line":7,"column":4},"end":{"line":7,"column":8}},{"start":{"line":7,"column":12},"end":{"line":7,"column":51}}],"line":7},"1":{"loc":{"start":{"line":8,"column":4},"end":{"line":8,"column":44}},"type":"cond-expr","locations":[{"start":{"line":8,"column":11},"end":{"line":8,"column":27}},{"start":{"line":8,"column":30},"end":{"line":8,"column":44}}],"line":8}},"s":{"0":7},"f":{"0":7},"b":{"0":[7,6],"1":[6,1]},"_coverageSchema":"1a1c01bbd47fc00a2c39e90264f33305004495a9","hash":"92c8594387eaf1ffbe630d6a92a75239263b7093"}
,"/home/lap15381/Documents/modules/module-04-frontend-thinking/src/components/Track/Track.js": {"path":"/home/lap15381/Documents/modules/module-04-frontend-thinking/src/components/Track/Track.js","statementMap":{"0":{"start":{"line":6,"column":2},"end":{"line":8,"column":3}},"1":{"start":{"line":7,"column":3},"end":{"line":7,"column":13}},"2":{"start":{"line":9,"column":2},"end":{"line":9,"column":35}},"3":{"start":{"line":13,"column":2},"end":{"line":15,"column":3}},"4":{"start":{"line":14,"column":3},"end":{"line":14,"column":16}},"5":{"start":{"line":16,"column":2},"end":{"line":16,"column":20}},"6":{"start":{"line":20,"column":2},"end":{"line":22,"column":3}},"7":{"start":{"line":21,"column":3},"end":{"line":21,"column":13}},"8":{"start":{"line":24,"column":2},"end":{"line":24,"column":23}},"9":{"start":{"line":31,"column":2},"end":{"line":39,"column":3}},"10":{"start":{"line":36,"column":41},"end":{"line":36,"column":53}}},"fnMap":{"0":{"name":"Track","decl":{"start":{"line":4,"column":9},"end":{"line":4,"column":14}},"loc":{"start":{"line":4,"column":26},"end":{"line":40,"column":1}},"line":4},"1":{"name":"getFirstImage","decl":{"start":{"line":5,"column":10},"end":{"line":5,"column":23}},"loc":{"start":{"line":5,"column":31},"end":{"line":10,"column":2}},"line":5},"2":{"name":"getName","decl":{"start":{"line":12,"column":10},"end":{"line":12,"column":17}},"loc":{"start":{"line":12,"column":25},"end":{"line":17,"column":2}},"line":12},"3":{"name":"getArtists","decl":{"start":{"line":19,"column":10},"end":{"line":19,"column":20}},"loc":{"start":{"line":19,"column":28},"end":{"line":25,"column":2}},"line":19},"4":{"name":"(anonymous_4)","decl":{"start":{"line":36,"column":29},"end":{"line":36,"column":30}},"loc":{"start":{"line":36,"column":41},"end":{"line":36,"column":53}},"line":36}},"branchMap":{"0":{"loc":{"start":{"line":6,"column":2},"end":{"line":8,"column":3}},"type":"if","locations":[{"start":{"line":6,"column":2},"end":{"line":8,"column":3}},{"start":{},"end":{}}],"line":6},"1":{"loc":{"start":{"line":6,"column":6},"end":{"line":6,"column":66}},"type":"binary-expr","locations":[{"start":{"line":6,"column":6},"end":{"line":6,"column":12}},{"start":{"line":6,"column":16},"end":{"line":6,"column":29}},{"start":{"line":6,"column":33},"end":{"line":6,"column":66}}],"line":6},"2":{"loc":{"start":{"line":13,"column":2},"end":{"line":15,"column":3}},"type":"if","locations":[{"start":{"line":13,"column":2},"end":{"line":15,"column":3}},{"start":{},"end":{}}],"line":13},"3":{"loc":{"start":{"line":13,"column":6},"end":{"line":13,"column":27}},"type":"binary-expr","locations":[{"start":{"line":13,"column":6},"end":{"line":13,"column":12}},{"start":{"line":13,"column":16},"end":{"line":13,"column":27}}],"line":13},"4":{"loc":{"start":{"line":20,"column":2},"end":{"line":22,"column":3}},"type":"if","locations":[{"start":{"line":20,"column":2},"end":{"line":22,"column":3}},{"start":{},"end":{}}],"line":20},"5":{"loc":{"start":{"line":20,"column":6},"end":{"line":20,"column":58}},"type":"binary-expr","locations":[{"start":{"line":20,"column":6},"end":{"line":20,"column":28}},{"start":{"line":20,"column":32},"end":{"line":20,"column":58}}],"line":20}},"s":{"0":1,"1":1,"2":0,"3":1,"4":1,"5":0,"6":1,"7":1,"8":0,"9":1,"10":0},"f":{"0":1,"1":1,"2":1,"3":1,"4":0},"b":{"0":[1,0],"1":[1,1,0],"2":[1,0],"3":[1,1],"4":[1,0],"5":[1,0]},"_coverageSchema":"1a1c01bbd47fc00a2c39e90264f33305004495a9","hash":"a0ad12b320baf30bca3d62deac0298e7ec738cb1"}
,"/home/lap15381/Documents/modules/module-04-frontend-thinking/src/helper/constant.js": {"path":"/home/lap15381/Documents/modules/module-04-frontend-thinking/src/helper/constant.js","statementMap":{"0":{"start":{"line":1,"column":27},"end":{"line":7,"column":1}}},"fnMap":{},"branchMap":{},"s":{"0":8},"f":{},"b":{},"_coverageSchema":"1a1c01bbd47fc00a2c39e90264f33305004495a9","hash":"3e74682df00ae9cfe59bb1b66baa30a05c33deec"}
,"/home/lap15381/Documents/modules/module-04-frontend-thinking/src/helper/dataLayer.js": {"path":"/home/lap15381/Documents/modules/module-04-frontend-thinking/src/helper/dataLayer.js","statementMap":{"0":{"start":{"line":4,"column":32},"end":{"line":4,"column":49}},"1":{"start":{"line":6,"column":25},"end":{"line":14,"column":1}},"2":{"start":{"line":7,"column":27},"end":{"line":7,"column":81}},"3":{"start":{"line":7,"column":68},"end":{"line":7,"column":80}},"4":{"start":{"line":9,"column":1},"end":{"line":13,"column":3}},"5":{"start":{"line":17,"column":33},"end":{"line":17,"column":67}},"6":{"start":{"line":17,"column":39},"end":{"line":17,"column":67}}},"fnMap":{"0":{"name":"(anonymous_0)","decl":{"start":{"line":6,"column":25},"end":{"line":6,"column":26}},"loc":{"start":{"line":6,"column":43},"end":{"line":14,"column":1}},"line":6},"1":{"name":"(anonymous_1)","decl":{"start":{"line":7,"column":62},"end":{"line":7,"column":63}},"loc":{"start":{"line":7,"column":68},"end":{"line":7,"column":80}},"line":7},"2":{"name":"(anonymous_2)","decl":{"start":{"line":17,"column":33},"end":{"line":17,"column":34}},"loc":{"start":{"line":17,"column":39},"end":{"line":17,"column":67}},"line":17}},"branchMap":{},"s":{"0":8,"1":8,"2":8,"3":8,"4":8,"5":8,"6":10},"f":{"0":8,"1":8,"2":10},"b":{},"_coverageSchema":"1a1c01bbd47fc00a2c39e90264f33305004495a9","hash":"eb360d3e5af2c9f00c3557a146cd3be53ff07676"}
,"/home/lap15381/Documents/modules/module-04-frontend-thinking/src/helper/index.js": {"path":"/home/lap15381/Documents/modules/module-04-frontend-thinking/src/helper/index.js","statementMap":{},"fnMap":{},"branchMap":{},"s":{},"f":{},"b":{},"_coverageSchema":"1a1c01bbd47fc00a2c39e90264f33305004495a9","hash":"2767efe8163ff47a1798aeb29ae89e1f4e78a3b0"}
,"/home/lap15381/Documents/modules/module-04-frontend-thinking/src/helper/reducer.js": {"path":"/home/lap15381/Documents/modules/module-04-frontend-thinking/src/helper/reducer.js","statementMap":{"0":{"start":{"line":3,"column":28},"end":{"line":9,"column":1}},"1":{"start":{"line":11,"column":16},"end":{"line":47,"column":1}},"2":{"start":{"line":12,"column":1},"end":{"line":45,"column":2}},"3":{"start":{"line":14,"column":3},"end":{"line":17,"column":5}},"4":{"start":{"line":20,"column":3},"end":{"line":23,"column":5}},"5":{"start":{"line":26,"column":3},"end":{"line":29,"column":5}},"6":{"start":{"line":32,"column":3},"end":{"line":35,"column":4}},"7":{"start":{"line":38,"column":3},"end":{"line":41,"column":4}},"8":{"start":{"line":44,"column":3},"end":{"line":44,"column":16}},"9":{"start":{"line":46,"column":1},"end":{"line":46,"column":13}}},"fnMap":{"0":{"name":"(anonymous_0)","decl":{"start":{"line":11,"column":16},"end":{"line":11,"column":17}},"loc":{"start":{"line":11,"column":35},"end":{"line":47,"column":1}},"line":11}},"branchMap":{"0":{"loc":{"start":{"line":12,"column":1},"end":{"line":45,"column":2}},"type":"switch","locations":[{"start":{"line":13,"column":2},"end":{"line":17,"column":5}},{"start":{"line":19,"column":2},"end":{"line":23,"column":5}},{"start":{"line":25,"column":2},"end":{"line":29,"column":5}},{"start":{"line":31,"column":2},"end":{"line":35,"column":4}},{"start":{"line":37,"column":2},"end":{"line":41,"column":4}},{"start":{"line":43,"column":2},"end":{"line":44,"column":16}}],"line":12}},"s":{"0":8,"1":8,"2":0,"3":0,"4":0,"5":0,"6":0,"7":0,"8":0,"9":0},"f":{"0":0},"b":{"0":[0,0,0,0,0,0]},"_coverageSchema":"1a1c01bbd47fc00a2c39e90264f33305004495a9","hash":"d1dc12c9a3afeb2a7759fdcf219869b890741f4b"}
,"/home/lap15381/Documents/modules/module-04-frontend-thinking/src/pages/index.js": {"path":"/home/lap15381/Documents/modules/module-04-frontend-thinking/src/pages/index.js","statementMap":{},"fnMap":{},"branchMap":{},"s":{},"f":{},"b":{},"_coverageSchema":"1a1c01bbd47fc00a2c39e90264f33305004495a9","hash":"a97774cefd4bdb5a8b15d98e4cfdaee6db0a90ee"}
,"/home/lap15381/Documents/modules/module-04-frontend-thinking/src/pages/LoginPage/LoginPage.js": {"path":"/home/lap15381/Documents/modules/module-04-frontend-thinking/src/pages/LoginPage/LoginPage.js","statementMap":{"0":{"start":{"line":7,"column":2},"end":{"line":12,"column":3}}},"fnMap":{"0":{"name":"LoginPage","decl":{"start":{"line":6,"column":9},"end":{"line":6,"column":18}},"loc":{"start":{"line":6,"column":21},"end":{"line":13,"column":1}},"line":6}},"branchMap":{},"s":{"0":2},"f":{"0":2},"b":{},"_coverageSchema":"1a1c01bbd47fc00a2c39e90264f33305004495a9","hash":"8000b356c8b06d873207cea8d16a8592be0d76e2"}
,"/home/lap15381/Documents/modules/module-04-frontend-thinking/src/pages/MainPage/MainPage.js": {"path":"/home/lap15381/Documents/modules/module-04-frontend-thinking/src/pages/MainPage/MainPage.js","statementMap":{"0":{"start":{"line":6,"column":2},"end":{"line":16,"column":4}}},"fnMap":{"0":{"name":"MainPage","decl":{"start":{"line":5,"column":9},"end":{"line":5,"column":17}},"loc":{"start":{"line":5,"column":31},"end":{"line":17,"column":1}},"line":5}},"branchMap":{},"s":{"0":1},"f":{"0":1},"b":{},"_coverageSchema":"1a1c01bbd47fc00a2c39e90264f33305004495a9","hash":"87f5951b8971231200abcb94960b41e3b697361d"}
}
