TN:
SF:src/App.js
FN:10,App
FN:14,(anonymous_1)
FN:27,(anonymous_2)
FN:34,(anonymous_3)
FN:41,(anonymous_4)
FN:48,(anonymous_5)
FNF:6
FNH:2
FNDA:1,App
FNDA:1,(anonymous_1)
FNDA:0,(anonymous_2)
FNDA:0,(anonymous_3)
FNDA:0,(anonymous_4)
FNDA:0,(anonymous_5)
DA:8,1
DA:11,1
DA:14,1
DA:15,1
DA:16,1
DA:17,1
DA:19,1
DA:20,0
DA:25,0
DA:27,0
DA:28,0
DA:34,0
DA:35,0
DA:41,0
DA:42,0
DA:48,0
DA:49,0
DA:57,1
LF:18
LH:8
BRDA:19,0,0,0
BRDA:19,0,1,1
BRDA:59,1,0,0
BRDA:59,1,1,1
BRF:4
BRH:2
end_of_record
TN:
SF:src/index.js
FNF:0
FNH:0
DA:8,0
DA:9,0
DA:20,0
LF:3
LH:0
BRF:0
BRH:0
end_of_record
TN:
SF:src/reportWebVitals.js
FN:1,(anonymous_0)
FN:3,(anonymous_1)
FNF:2
FNH:0
FNDA:0,(anonymous_0)
FNDA:0,(anonymous_1)
DA:1,0
DA:2,0
DA:3,0
DA:4,0
DA:5,0
DA:6,0
DA:7,0
DA:8,0
LF:8
LH:0
BRDA:2,0,0,0
BRDA:2,0,1,0
BRDA:2,1,0,0
BRDA:2,1,1,0
BRF:4
BRH:0
end_of_record
TN:
SF:src/api/spotify.js
FN:13,(anonymous_0)
FN:15,(anonymous_1)
FNF:2
FNH:2
FNDA:1,(anonymous_0)
FNDA:1,(anonymous_1)
DA:1,2
DA:2,2
DA:3,2
DA:5,2
DA:13,2
DA:14,1
DA:17,1
DA:18,1
DA:20,1
DA:24,2
LF:10
LH:10
BRF:0
BRH:0
end_of_record
TN:
SF:src/components/index.js
FNF:0
FNH:0
LF:0
LH:0
BRF:0
BRH:0
end_of_record
TN:
SF:src/components/Body/Body.js
FN:8,Body
FN:11,getFirstImage
FN:18,getName
FN:22,getDescription
FN:26,getItems
FN:33,showItems
FN:35,(anonymous_6)
FNF:7
FNH:6
FNDA:2,Body
FNDA:2,getFirstImage
FNDA:2,getName
FNDA:2,getDescription
FNDA:2,getItems
FNDA:2,showItems
FNDA:0,(anonymous_6)
DA:9,2
DA:12,2
DA:13,2
DA:15,0
DA:19,2
DA:23,2
DA:27,2
DA:28,2
DA:30,0
DA:35,2
DA:36,0
DA:42,2
LF:12
LH:9
BRDA:12,0,0,2
BRDA:12,0,1,0
BRDA:12,1,0,2
BRDA:12,1,1,0
BRDA:19,2,0,0
BRDA:19,2,1,2
BRDA:23,3,0,0
BRDA:23,3,1,2
BRDA:27,4,0,2
BRDA:27,4,1,0
BRDA:27,5,0,2
BRDA:27,5,1,0
BRF:12
BRH:6
end_of_record
TN:
SF:src/components/Footer/Footer.js
FN:13,Footer
FN:16,getArtists
FN:30,(anonymous_2)
FNF:3
FNH:2
FNDA:2,Footer
FNDA:2,getArtists
FNDA:0,(anonymous_2)
DA:14,2
DA:17,2
DA:18,2
DA:20,0
DA:23,2
DA:30,0
LF:6
LH:4
BRDA:17,0,0,2
BRDA:17,0,1,0
BRDA:17,1,0,2
BRDA:17,1,1,0
BRDA:17,1,2,0
BRDA:30,2,0,0
BRDA:30,2,1,0
BRF:7
BRH:2
end_of_record
TN:
SF:src/components/Header/Header.js
FN:7,Header
FNF:1
FNH:1
FNDA:3,Header
DA:8,3
DA:10,3
LF:2
LH:2
BRF:0
BRH:0
end_of_record
TN:
SF:src/components/SideBar/Sidebar.js
FN:12,Sidebar
FN:27,(anonymous_1)
FNF:2
FNH:1
FNDA:2,Sidebar
FNDA:0,(anonymous_1)
DA:13,2
DA:15,2
DA:28,0
LF:3
LH:2
BRF:0
BRH:0
end_of_record
TN:
SF:src/components/SidebarOption/SidebarOption.js
FN:4,SidebarOption
FNF:1
FNH:1
FNDA:7,SidebarOption
DA:5,7
LF:1
LH:1
BRDA:7,0,0,7
BRDA:7,0,1,6
BRDA:8,1,0,6
BRDA:8,1,1,1
BRF:4
BRH:4
end_of_record
TN:
SF:src/components/Track/Track.js
FN:4,Track
FN:5,getFirstImage
FN:12,getName
FN:19,getArtists
FN:36,(anonymous_4)
FNF:5
FNH:4
FNDA:1,Track
FNDA:1,getFirstImage
FNDA:1,getName
FNDA:1,getArtists
FNDA:0,(anonymous_4)
DA:6,1
DA:7,1
DA:9,0
DA:13,1
DA:14,1
DA:16,0
DA:20,1
DA:21,1
DA:24,0
DA:31,1
DA:36,0
LF:11
LH:7
BRDA:6,0,0,1
BRDA:6,0,1,0
BRDA:6,1,0,1
BRDA:6,1,1,1
BRDA:6,1,2,0
BRDA:13,2,0,1
BRDA:13,2,1,0
BRDA:13,3,0,1
BRDA:13,3,1,1
BRDA:20,4,0,1
BRDA:20,4,1,0
BRDA:20,5,0,1
BRDA:20,5,1,0
BRF:13
BRH:8
end_of_record
TN:
SF:src/helper/constant.js
FNF:0
FNH:0
DA:1,8
LF:1
LH:1
BRF:0
BRH:0
end_of_record
TN:
SF:src/helper/dataLayer.js
FN:6,(anonymous_0)
FN:7,(anonymous_1)
FN:17,(anonymous_2)
FNF:3
FNH:3
FNDA:8,(anonymous_0)
FNDA:8,(anonymous_1)
FNDA:10,(anonymous_2)
DA:4,8
DA:6,8
DA:7,8
DA:9,8
DA:17,10
LF:5
LH:5
BRF:0
BRH:0
end_of_record
TN:
SF:src/helper/index.js
FNF:0
FNH:0
LF:0
LH:0
BRF:0
BRH:0
end_of_record
TN:
SF:src/helper/reducer.js
FN:11,(anonymous_0)
FNF:1
FNH:0
FNDA:0,(anonymous_0)
DA:3,8
DA:11,8
DA:12,0
DA:14,0
DA:20,0
DA:26,0
DA:32,0
DA:38,0
DA:44,0
DA:46,0
LF:10
LH:2
BRDA:12,0,0,0
BRDA:12,0,1,0
BRDA:12,0,2,0
BRDA:12,0,3,0
BRDA:12,0,4,0
BRDA:12,0,5,0
BRF:6
BRH:0
end_of_record
TN:
SF:src/pages/index.js
FNF:0
FNH:0
LF:0
LH:0
BRF:0
BRH:0
end_of_record
TN:
SF:src/pages/LoginPage/LoginPage.js
FN:6,LoginPage
FNF:1
FNH:1
FNDA:2,LoginPage
DA:7,2
LF:1
LH:1
BRF:0
BRH:0
end_of_record
TN:
SF:src/pages/MainPage/MainPage.js
FN:5,MainPage
FNF:1
FNH:1
FNDA:1,MainPage
DA:6,1
LF:1
LH:1
BRF:0
BRH:0
end_of_record
